<!DOCTYPE html>
<html>
<head>
    <title>Unittest Results</title>
    <meta charset="utf-8">
    <meta name="viewport" content="width=device-width, initial-scale=1.0">
    <link rel="stylesheet" href="https://maxcdn.bootstrapcdn.com/bootstrap/3.3.6/css/bootstrap.min.css" integrity="sha384-1q8mTJOASx8j1Au+a5WDVnPi2lkFfwwEAa8hDDdjZlpLegxhjVME1fgjWPGmkzs7" crossorigin="anonymous">
</head>
<body>
    <div class="container">
        <div class="row">
            <div class="col-xs-12">
                <h2 class="text-capitalize">Unittest Results</h2>
                <p class='attribute'><strong>Start Time: </strong>2022-05-03 14:52:20</p>
                <p class='attribute'><strong>Duration: </strong>10.03 s</p>
                <p class='attribute'><strong>Summary: </strong>Total: 2, Pass: 0, Error: 2</p>
            </div>
        </div>
        <div class="row">
            <div class="col-xs-12 col-sm-10 col-md-10">
                <table class='table table-hover table-responsive'>
                    <thead>
                        <tr>
                            <th>__main__.LoginTest</th>
                            <th>Status</th>
                            <th></th>
                        </tr>
                    </thead>
                    <tbody>
                        <tr class='warning'>
                            <td class="col-xs-10">test_login</td>
                            <td class="col-xs-1">
                                <span class="label label-warning" style="display:block;width:40px;">Error</span>
                            </td>
                            <td class="col-xs-1">
                                <button class="btn btn-default btn-xs">View</button>
                            </td>
                        </tr>
                        <tr style="display:none;">
                            <td class="col-xs-9" colspan="3"><p style="color:maroon;">WebDriverException: Message: chrome not reachable
  (Session info: chrome=100.0.4896.127)
Stacktrace:
#0 0x55e304656ad3 <unknown>
#1 0x55e3043b63ff <unknown>
#2 0x55e3043a4b94 <unknown>
#3 0x55e3043a55a9 <unknown>
#4 0x55e3043a7302 <unknown>
#5 0x55e30439f6f6 <unknown>
#6 0x55e3043b7972 <unknown>
#7 0x55e30441cea1 <unknown>
#8 0x55e30440a4e3 <unknown>
#9 0x55e3043dfd1a <unknown>
#10 0x55e3043e0e75 <unknown>
#11 0x55e304684efd <unknown>
#12 0x55e30469e19b <unknown>
#13 0x55e304686c65 <unknown>
#14 0x55e30469eec8 <unknown>
#15 0x55e30467a360 <unknown>
#16 0x55e3046baa68 <unknown>
#17 0x55e3046babe8 <unknown>
#18 0x55e3046d47fd <unknown>
#19 0x7f11ae03f609 <unknown>
</p><p style="color:maroon;">Traceback (most recent call last):
  File "/home/nisha/PYTHON/SELENIUM/Unittest_based_POM_project/testcases/LoginTest.py", line 25, in test_login
    lp.setUserName(self.username)
  File "/home/nisha/PYTHON/SELENIUM/Unittest_based_POM_project/page_objects/LoginPage.py", line 13, in setUserName
    self.driver.find_element_by_name(self.login_user_name).clear()
  File "/home/nisha/.local/lib/python3.8/site-packages/selenium/webdriver/remote/webdriver.py", line 665, in find_element_by_name
    return self.find_element(by=By.NAME, value=name)
  File "/home/nisha/.local/lib/python3.8/site-packages/selenium/webdriver/remote/webdriver.py", line 1248, in find_element
    return self.execute(Command.FIND_ELEMENT, {
  File "/home/nisha/.local/lib/python3.8/site-packages/selenium/webdriver/remote/webdriver.py", line 425, in execute
    self.error_handler.check_response(response)
  File "/home/nisha/.local/lib/python3.8/site-packages/selenium/webdriver/remote/errorhandler.py", line 247, in check_response
    raise exception_class(message, screen, stacktrace)
selenium.common.exceptions.WebDriverException: Message: chrome not reachable
  (Session info: chrome=100.0.4896.127)
Stacktrace:
#0 0x55e304656ad3 <unknown>
#1 0x55e3043b63ff <unknown>
#2 0x55e3043a4b94 <unknown>
#3 0x55e3043a55a9 <unknown>
#4 0x55e3043a7302 <unknown>
#5 0x55e30439f6f6 <unknown>
#6 0x55e3043b7972 <unknown>
#7 0x55e30441cea1 <unknown>
#8 0x55e30440a4e3 <unknown>
#9 0x55e3043dfd1a <unknown>
#10 0x55e3043e0e75 <unknown>
#11 0x55e304684efd <unknown>
#12 0x55e30469e19b <unknown>
#13 0x55e304686c65 <unknown>
#14 0x55e30469eec8 <unknown>
#15 0x55e30467a360 <unknown>
#16 0x55e3046baa68 <unknown>
#17 0x55e3046babe8 <unknown>
#18 0x55e3046d47fd <unknown>
#19 0x7f11ae03f609 <unknown>

</p>
                            </td>
                        </tr>
                        <tr class='warning'>
                            <td class="col-xs-10">test_login</td>
                            <td class="col-xs-1">
                                <span class="label label-warning" style="display:block;width:40px;">Error</span>
                            </td>
                            <td class="col-xs-1">
                                <button class="btn btn-default btn-xs">View</button>
                            </td>
                        </tr>
                        <tr style="display:none;">
                            <td class="col-xs-9" colspan="3"><p style="color:maroon;">WebDriverException: Message: chrome not reachable
  (Session info: chrome=100.0.4896.127)
Stacktrace:
#0 0x55e304656ad3 <unknown>
#1 0x55e3043b63ff <unknown>
#2 0x55e3043a4b94 <unknown>
#3 0x55e30439635d <unknown>
#4 0x55e304411f9b <unknown>
#5 0x55e30440a5b8 <unknown>
#6 0x55e3043dfd1a <unknown>
#7 0x55e3043e0e75 <unknown>
#8 0x55e304684efd <unknown>
#9 0x55e30469e19b <unknown>
#10 0x55e304686c65 <unknown>
#11 0x55e30469eec8 <unknown>
#12 0x55e30467a360 <unknown>
#13 0x55e3046baa68 <unknown>
#14 0x55e3046babe8 <unknown>
#15 0x55e3046d47fd <unknown>
#16 0x7f11ae03f609 <unknown>
</p><p style="color:maroon;">Traceback (most recent call last):
  File "/home/nisha/PYTHON/SELENIUM/Unittest_based_POM_project/testcases/LoginTest.py", line 34, in tearDown
    cls.driver.close()
  File "/home/nisha/.local/lib/python3.8/site-packages/selenium/webdriver/remote/webdriver.py", line 938, in close
    self.execute(Command.CLOSE)
  File "/home/nisha/.local/lib/python3.8/site-packages/selenium/webdriver/remote/webdriver.py", line 425, in execute
    self.error_handler.check_response(response)
  File "/home/nisha/.local/lib/python3.8/site-packages/selenium/webdriver/remote/errorhandler.py", line 247, in check_response
    raise exception_class(message, screen, stacktrace)
selenium.common.exceptions.WebDriverException: Message: chrome not reachable
  (Session info: chrome=100.0.4896.127)
Stacktrace:
#0 0x55e304656ad3 <unknown>
#1 0x55e3043b63ff <unknown>
#2 0x55e3043a4b94 <unknown>
#3 0x55e30439635d <unknown>
#4 0x55e304411f9b <unknown>
#5 0x55e30440a5b8 <unknown>
#6 0x55e3043dfd1a <unknown>
#7 0x55e3043e0e75 <unknown>
#8 0x55e304684efd <unknown>
#9 0x55e30469e19b <unknown>
#10 0x55e304686c65 <unknown>
#11 0x55e30469eec8 <unknown>
#12 0x55e30467a360 <unknown>
#13 0x55e3046baa68 <unknown>
#14 0x55e3046babe8 <unknown>
#15 0x55e3046d47fd <unknown>
#16 0x7f11ae03f609 <unknown>

</p>
                            </td>
                        </tr>
                        <tr>
                            <td colspan="3">
                                Total: 2, Pass: 0, Error: 2 -- Duration: 10.03 s
                            </td>
                        </tr>
                    </tbody>
                </table>
            </div>
        </div>
    </div>
    <script src="https://ajax.googleapis.com/ajax/libs/jquery/2.2.4/jquery.min.js"></script>
    <script type="text/javascript">
        $(document).ready(function(){
            $('td').on('click', '.btn', function(e){
                e.preventDefault();
                e.stopImmediatePropagation();
                var $this = $(this);
                var $nextRow = $this.closest('tr').next('tr');
                $nextRow.slideToggle("fast");
                $this.text(function(i, text){
                    if (text === 'View') {
                        return 'Hide';
                    } else {
                        return 'View';
                    };
                });
            });
        });
    </script>
</body>
</html