<!DOCTYPE html>
<html>
<head>
    <title>Unittest Results</title>
    <meta charset="utf-8">
    <meta name="viewport" content="width=device-width, initial-scale=1.0">
    <link rel="stylesheet" href="https://maxcdn.bootstrapcdn.com/bootstrap/3.3.6/css/bootstrap.min.css" integrity="sha384-1q8mTJOASx8j1Au+a5WDVnPi2lkFfwwEAa8hDDdjZlpLegxhjVME1fgjWPGmkzs7" crossorigin="anonymous">
</head>
<body>
    <div class="container">
        <div class="row">
            <div class="col-xs-12">
                <h2 class="text-capitalize">Unittest Results</h2>
                <p class='attribute'><strong>Start Time: </strong>2022-05-03 12:25:09</p>
                <p class='attribute'><strong>Duration: </strong>5.10 s</p>
                <p class='attribute'><strong>Summary: </strong>Total: 2, Pass: 0, Error: 2</p>
            </div>
        </div>
        <div class="row">
            <div class="col-xs-12 col-sm-10 col-md-10">
                <table class='table table-hover table-responsive'>
                    <thead>
                        <tr>
                            <th>__main__.LoginTest</th>
                            <th>Status</th>
                            <th></th>
                        </tr>
                    </thead>
                    <tbody>
                        <tr class='warning'>
                            <td class="col-xs-10">test_login</td>
                            <td class="col-xs-1">
                                <span class="label label-warning" style="display:block;width:40px;">Error</span>
                            </td>
                            <td class="col-xs-1">
                                <button class="btn btn-default btn-xs">View</button>
                            </td>
                        </tr>
                        <tr style="display:none;">
                            <td class="col-xs-9" colspan="3"><p style="color:maroon;">AttributeError: module 'lib2to3.pgen2.driver' has no attribute 'find_element_by_id'</p><p style="color:maroon;">Traceback (most recent call last):
  File "/home/nisha/PYTHON/SELENIUM/Unittest_based_POM_project/testcases/LoginTest.py", line 25, in test_login
    lp.setUserName(self.username)
  File "/home/nisha/PYTHON/SELENIUM/Unittest_based_POM_project/page_objects/LoginPage.py", line 16, in setUserName
    self.driver.find_element_by_id(self.login_user_name).clear()
AttributeError: module 'lib2to3.pgen2.driver' has no attribute 'find_element_by_id'
</p>
                            </td>
                        </tr>
                        <tr class='warning'>
                            <td class="col-xs-10">test_login</td>
                            <td class="col-xs-1">
                                <span class="label label-warning" style="display:block;width:40px;">Error</span>
                            </td>
                            <td class="col-xs-1">
                                <button class="btn btn-default btn-xs">View</button>
                            </td>
                        </tr>
                        <tr style="display:none;">
                            <td class="col-xs-9" colspan="3"><p style="color:maroon;">WebDriverException: Message: chrome not reachable
  (Session info: chrome=100.0.4896.127)
Stacktrace:
#0 0x561271203ad3 <unknown>
#1 0x561270f633ff <unknown>
#2 0x561270f51b94 <unknown>
#3 0x561270f4335d <unknown>
#4 0x561270fbef9b <unknown>
#5 0x561270fb75b8 <unknown>
#6 0x561270f8cd1a <unknown>
#7 0x561270f8de75 <unknown>
#8 0x561271231efd <unknown>
#9 0x56127124b19b <unknown>
#10 0x561271233c65 <unknown>
#11 0x56127124bec8 <unknown>
#12 0x561271227360 <unknown>
#13 0x561271267a68 <unknown>
#14 0x561271267be8 <unknown>
#15 0x5612712817fd <unknown>
#16 0x7f9aa094b609 <unknown>
</p><p style="color:maroon;">Traceback (most recent call last):
  File "/home/nisha/PYTHON/SELENIUM/Unittest_based_POM_project/testcases/LoginTest.py", line 33, in tearDown
    cls.driver.close()
  File "/home/nisha/.local/lib/python3.8/site-packages/selenium/webdriver/remote/webdriver.py", line 938, in close
    self.execute(Command.CLOSE)
  File "/home/nisha/.local/lib/python3.8/site-packages/selenium/webdriver/remote/webdriver.py", line 425, in execute
    self.error_handler.check_response(response)
  File "/home/nisha/.local/lib/python3.8/site-packages/selenium/webdriver/remote/errorhandler.py", line 247, in check_response
    raise exception_class(message, screen, stacktrace)
selenium.common.exceptions.WebDriverException: Message: chrome not reachable
  (Session info: chrome=100.0.4896.127)
Stacktrace:
#0 0x561271203ad3 <unknown>
#1 0x561270f633ff <unknown>
#2 0x561270f51b94 <unknown>
#3 0x561270f4335d <unknown>
#4 0x561270fbef9b <unknown>
#5 0x561270fb75b8 <unknown>
#6 0x561270f8cd1a <unknown>
#7 0x561270f8de75 <unknown>
#8 0x561271231efd <unknown>
#9 0x56127124b19b <unknown>
#10 0x561271233c65 <unknown>
#11 0x56127124bec8 <unknown>
#12 0x561271227360 <unknown>
#13 0x561271267a68 <unknown>
#14 0x561271267be8 <unknown>
#15 0x5612712817fd <unknown>
#16 0x7f9aa094b609 <unknown>

</p>
                            </td>
                        </tr>
                        <tr>
                            <td colspan="3">
                                Total: 2, Pass: 0, Error: 2 -- Duration: 5.10 s
                            </td>
                        </tr>
                    </tbody>
                </table>
            </div>
        </div>
    </div>
    <script src="https://ajax.googleapis.com/ajax/libs/jquery/2.2.4/jquery.min.js"></script>
    <script type="text/javascript">
        $(document).ready(function(){
            $('td').on('click', '.btn', function(e){
                e.preventDefault();
                e.stopImmediatePropagation();
                var $this = $(this);
                var $nextRow = $this.closest('tr').next('tr');
                $nextRow.slideToggle("fast");
                $this.text(function(i, text){
                    if (text === 'View') {
                        return 'Hide';
                    } else {
                        return 'View';
                    };
                });
            });
        });
    </script>
</body>
</html